<?xml version="1.0" encoding="UTF-8"?>
<!-- Generated by org.testng.reporters.JUnitReportReporter -->
<testsuite skipped="0" hostname="PABLOF" name="ReadJSON" tests="1" failures="0" timestamp="2020-06-16T08:44:39 UYT" time="35.699" errors="0">
  <testcase name="testSearch" time="35.699" classname="ReadJSON"/>
  <system-out/>
</testsuite> <!-- ReadJSON -->
